Reading file...

1) [Running]: mirror update docker-focal-stable

Begin command output: ----------------------------
Downloading https://download.docker.com/linux/ubuntu/dists/focal/InRelease...
Downloading & parsing package files...
Downloading https://download.docker.com/linux/ubuntu/dists/focal/stable/binary-amd64/Packages.bz2...
Building download queue...
Download queue: 0 items (0 B)

Mirror `docker-focal-stable` has been successfully updated.

End command output: ------------------------------
2) [Running]: mirror update microsoft-dotnet

Begin command output: ----------------------------
Downloading http://private.wpadminhelp.com/dotnet/dists/focal/InRelease...
Downloading & parsing package files...
Downloading http://private.wpadminhelp.com/dotnet/dists/focal/main/binary-amd64/Packages.bz2...
Building download queue...
Download queue: 0 items (0 B)

Mirror `microsoft-dotnet` has been successfully updated.

End command output: ------------------------------
3) [Running]: mirror update microsoft-edge

Begin command output: ----------------------------
Downloading http://private.wpadminhelp.com/edge/dists/stable/InRelease...
Downloading & parsing package files...
Downloading http://private.wpadminhelp.com/edge/dists/stable/main/binary-amd64/Packages.bz2...
Building download queue...
Download queue: 0 items (0 B)

Mirror `microsoft-edge` has been successfully updated.

End command output: ------------------------------
4) [Running]: mirror update microsoft-vscode

Begin command output: ----------------------------
Downloading http://private.wpadminhelp.com/vscode/dists/stable/InRelease...
Downloading & parsing package files...
Downloading http://private.wpadminhelp.com/vscode/dists/stable/main/binary-amd64/Packages.bz2...
Building download queue...
Download queue: 0 items (0 B)

Mirror `microsoft-vscode` has been successfully updated.

End command output: ------------------------------
5) [Running]: mirror update security-focal-backports-main

Begin command output: ----------------------------
Downloading http://ubuntu.private.wpadminhelp.com/focal-security/dists/focal-backports/InRelease...
Downloading & parsing package files...
Downloading http://ubuntu.private.wpadminhelp.com/focal-security/dists/focal-backports/main/binary-amd64/Packages.gz...
Downloading http://ubuntu.private.wpadminhelp.com/focal-security/dists/focal-backports/main/binary-i386/Packages.gz...
Building download queue...
Download queue: 0 items (0 B)

Mirror `security-focal-backports-main` has been successfully updated.

End command output: ------------------------------
6) [Running]: mirror update security-focal-backports-multiverse

Begin command output: ----------------------------
Downloading http://ubuntu.private.wpadminhelp.com/focal-security/dists/focal-backports/InRelease...
Downloading & parsing package files...
Downloading http://ubuntu.private.wpadminhelp.com/focal-security/dists/focal-backports/multiverse/binary-amd64/Packages.gz...
Downloading http://ubuntu.private.wpadminhelp.com/focal-security/dists/focal-backports/multiverse/binary-i386/Packages.gz...
Building download queue...
Download queue: 0 items (0 B)

Mirror `security-focal-backports-multiverse` has been successfully updated.

End command output: ------------------------------
7) [Running]: mirror update security-focal-backports-restricted

Begin command output: ----------------------------
Downloading http://ubuntu.private.wpadminhelp.com/focal-security/dists/focal-backports/InRelease...
Downloading & parsing package files...
Downloading http://ubuntu.private.wpadminhelp.com/focal-security/dists/focal-backports/restricted/binary-amd64/Packages.gz...
Downloading http://ubuntu.private.wpadminhelp.com/focal-security/dists/focal-backports/restricted/binary-i386/Packages.gz...
Building download queue...
Download queue: 0 items (0 B)

Mirror `security-focal-backports-restricted` has been successfully updated.

End command output: ------------------------------
8) [Running]: mirror update security-focal-backports-universe

Begin command output: ----------------------------
Downloading http://ubuntu.private.wpadminhelp.com/focal-security/dists/focal-backports/InRelease...
Downloading & parsing package files...
Downloading http://ubuntu.private.wpadminhelp.com/focal-security/dists/focal-backports/universe/binary-amd64/Packages.gz...
Downloading http://ubuntu.private.wpadminhelp.com/focal-security/dists/focal-backports/universe/binary-i386/Packages.gz...
Building download queue...
Download queue: 0 items (0 B)

Mirror `security-focal-backports-universe` has been successfully updated.

End command output: ------------------------------
9) [Running]: mirror update security-focal-proposed-main

Begin command output: ----------------------------
Downloading http://ubuntu.private.wpadminhelp.com/focal-security/dists/focal-proposed/InRelease...
Downloading & parsing package files...
Downloading http://ubuntu.private.wpadminhelp.com/focal-security/dists/focal-proposed/main/binary-amd64/Packages.gz...
Downloading http://ubuntu.private.wpadminhelp.com/focal-security/dists/focal-proposed/main/binary-i386/Packages.gz...
Building download queue...
Download queue: 0 items (0 B)

Mirror `security-focal-proposed-main` has been successfully updated.

End command output: ------------------------------
10) [Running]: mirror update security-focal-proposed-multiverse

Begin command output: ----------------------------
Downloading http://ubuntu.private.wpadminhelp.com/focal-security/dists/focal-proposed/InRelease...
Downloading & parsing package files...
Downloading http://ubuntu.private.wpadminhelp.com/focal-security/dists/focal-proposed/multiverse/binary-amd64/Packages.gz...
Downloading http://ubuntu.private.wpadminhelp.com/focal-security/dists/focal-proposed/multiverse/binary-i386/Packages.gz...
Building download queue...
Download queue: 0 items (0 B)

Mirror `security-focal-proposed-multiverse` has been successfully updated.

End command output: ------------------------------
11) [Running]: mirror update security-focal-proposed-restricted

Begin command output: ----------------------------
Downloading http://ubuntu.private.wpadminhelp.com/focal-security/dists/focal-updates/InRelease...
Downloading & parsing package files...
Downloading http://ubuntu.private.wpadminhelp.com/focal-security/dists/focal-updates/restricted/binary-amd64/Packages.gz...
Building download queue...
Download queue: 0 items (0 B)

Mirror `security-focal-proposed-restricted` has been successfully updated.

End command output: ------------------------------
12) [Running]: mirror update security-focal-proposed-universe

Begin command output: ----------------------------
Downloading http://ubuntu.private.wpadminhelp.com/focal-security/dists/focal-proposed/InRelease...
Downloading & parsing package files...
Downloading http://ubuntu.private.wpadminhelp.com/focal-security/dists/focal-proposed/universe/binary-amd64/Packages.gz...
Downloading http://ubuntu.private.wpadminhelp.com/focal-security/dists/focal-proposed/universe/binary-i386/Packages.gz...
Building download queue...
Download queue: 0 items (0 B)

Mirror `security-focal-proposed-universe` has been successfully updated.

End command output: ------------------------------
13) [Running]: mirror update security-focal-release-main

Begin command output: ----------------------------
Downloading http://ubuntu.private.wpadminhelp.com/focal-security/dists/focal/InRelease...
Downloading & parsing package files...
Downloading http://ubuntu.private.wpadminhelp.com/focal-security/dists/focal/main/binary-amd64/Packages.gz...
Downloading http://ubuntu.private.wpadminhelp.com/focal-security/dists/focal/main/binary-i386/Packages.gz...
Building download queue...
Download queue: 0 items (0 B)

Mirror `security-focal-release-main` has been successfully updated.

End command output: ------------------------------
14) [Running]: mirror update security-focal-release-multiverse

Begin command output: ----------------------------
Downloading http://ubuntu.private.wpadminhelp.com/focal-security/dists/focal/InRelease...
Downloading & parsing package files...
Downloading http://ubuntu.private.wpadminhelp.com/focal-security/dists/focal/multiverse/binary-amd64/Packages.gz...
Downloading http://ubuntu.private.wpadminhelp.com/focal-security/dists/focal/multiverse/binary-i386/Packages.gz...
Building download queue...
Download queue: 0 items (0 B)

Mirror `security-focal-release-multiverse` has been successfully updated.

End command output: ------------------------------
15) [Running]: mirror update security-focal-release-restricted

Begin command output: ----------------------------
Downloading http://ubuntu.private.wpadminhelp.com/focal-security/dists/focal/InRelease...
Downloading & parsing package files...
Downloading http://ubuntu.private.wpadminhelp.com/focal-security/dists/focal/restricted/binary-amd64/Packages.gz...
Downloading http://ubuntu.private.wpadminhelp.com/focal-security/dists/focal/restricted/binary-i386/Packages.gz...
Building download queue...
Download queue: 0 items (0 B)

Mirror `security-focal-release-restricted` has been successfully updated.

End command output: ------------------------------
16) [Running]: mirror update security-focal-release-universe

Begin command output: ----------------------------
Downloading http://ubuntu.private.wpadminhelp.com/focal-security/dists/focal/InRelease...
Downloading & parsing package files...
Downloading http://ubuntu.private.wpadminhelp.com/focal-security/dists/focal/universe/binary-amd64/Packages.gz...
Downloading http://ubuntu.private.wpadminhelp.com/focal-security/dists/focal/universe/binary-i386/Packages.gz...
Building download queue...
Download queue: 0 items (0 B)

Mirror `security-focal-release-universe` has been successfully updated.

End command output: ------------------------------
17) [Running]: mirror update security-focal-updates-main

Begin command output: ----------------------------
Downloading http://ubuntu.private.wpadminhelp.com/focal-security/dists/focal-updates/InRelease...
Downloading & parsing package files...
Downloading http://ubuntu.private.wpadminhelp.com/focal-security/dists/focal-updates/main/binary-amd64/Packages.gz...
Downloading http://ubuntu.private.wpadminhelp.com/focal-security/dists/focal-updates/main/binary-i386/Packages.gz...
Building download queue...
Download queue: 0 items (0 B)

Mirror `security-focal-updates-main` has been successfully updated.

End command output: ------------------------------
18) [Running]: mirror update security-focal-updates-multiverse

Begin command output: ----------------------------
Downloading http://ubuntu.private.wpadminhelp.com/focal-security/dists/focal-updates/InRelease...
Downloading & parsing package files...
Downloading http://ubuntu.private.wpadminhelp.com/focal-security/dists/focal-updates/multiverse/binary-amd64/Packages.gz...
Downloading http://ubuntu.private.wpadminhelp.com/focal-security/dists/focal-updates/multiverse/binary-i386/Packages.gz...
Building download queue...
Download queue: 0 items (0 B)

Mirror `security-focal-updates-multiverse` has been successfully updated.

End command output: ------------------------------
19) [Running]: mirror update security-focal-updates-restricted

Begin command output: ----------------------------
Downloading http://ubuntu.private.wpadminhelp.com/focal-security/dists/focal-updates/InRelease...
Downloading & parsing package files...
Downloading http://ubuntu.private.wpadminhelp.com/focal-security/dists/focal-updates/restricted/binary-amd64/Packages.gz...
Downloading http://ubuntu.private.wpadminhelp.com/focal-security/dists/focal-updates/restricted/binary-i386/Packages.gz...
Building download queue...
Download queue: 0 items (0 B)

Mirror `security-focal-updates-restricted` has been successfully updated.

End command output: ------------------------------
20) [Running]: mirror update security-focal-updates-universe

Begin command output: ----------------------------
Downloading http://ubuntu.private.wpadminhelp.com/focal-security/dists/focal-updates/InRelease...
Downloading & parsing package files...
Downloading http://ubuntu.private.wpadminhelp.com/focal-security/dists/focal-updates/universe/binary-amd64/Packages.gz...
Downloading http://ubuntu.private.wpadminhelp.com/focal-security/dists/focal-updates/universe/binary-i386/Packages.gz...
Building download queue...
Download queue: 0 items (0 B)

Mirror `security-focal-updates-universe` has been successfully updated.

End command output: ------------------------------
21) [Running]: mirror update security-groovy-backports-main

Begin command output: ----------------------------
Downloading http://ubuntu.private.wpadminhelp.com/security/dists/groovy-backports/InRelease...
Downloading & parsing package files...
Downloading http://ubuntu.private.wpadminhelp.com/security/dists/groovy-backports/main/binary-amd64/Packages.gz...
Building download queue...
Download queue: 0 items (0 B)

Mirror `security-groovy-backports-main` has been successfully updated.

End command output: ------------------------------
22) [Running]: mirror update security-groovy-backports-multiverse

Begin command output: ----------------------------
Downloading http://ubuntu.private.wpadminhelp.com/security/dists/groovy-backports/InRelease...
Downloading & parsing package files...
Downloading http://ubuntu.private.wpadminhelp.com/security/dists/groovy-backports/multiverse/binary-amd64/Packages.gz...
Building download queue...
Download queue: 0 items (0 B)

Mirror `security-groovy-backports-multiverse` has been successfully updated.

End command output: ------------------------------
23) [Running]: mirror update security-groovy-backports-restricted

Begin command output: ----------------------------
Downloading http://ubuntu.private.wpadminhelp.com/security/dists/groovy-backports/InRelease...
Downloading & parsing package files...
Downloading http://ubuntu.private.wpadminhelp.com/security/dists/groovy-backports/restricted/binary-amd64/Packages.gz...
Building download queue...
Download queue: 0 items (0 B)

Mirror `security-groovy-backports-restricted` has been successfully updated.

End command output: ------------------------------
24) [Running]: mirror update security-groovy-backports-universe

Begin command output: ----------------------------
Downloading http://ubuntu.private.wpadminhelp.com/security/dists/groovy-backports/InRelease...
Downloading & parsing package files...
Downloading http://ubuntu.private.wpadminhelp.com/security/dists/groovy-backports/universe/binary-amd64/Packages.gz...
Building download queue...
Download queue: 0 items (0 B)

Mirror `security-groovy-backports-universe` has been successfully updated.

End command output: ------------------------------
25) [Running]: mirror update security-groovy-proposed-main

Begin command output: ----------------------------
Downloading http://ubuntu.private.wpadminhelp.com/security/dists/groovy-proposed/InRelease...
Downloading & parsing package files...
Downloading http://ubuntu.private.wpadminhelp.com/security/dists/groovy-proposed/main/binary-amd64/Packages.gz...
Building download queue...
Download queue: 0 items (0 B)

Mirror `security-groovy-proposed-main` has been successfully updated.

End command output: ------------------------------
26) [Running]: mirror update security-groovy-proposed-multiverse

Begin command output: ----------------------------
Downloading http://ubuntu.private.wpadminhelp.com/security/dists/groovy-proposed/InRelease...
Downloading & parsing package files...
Downloading http://ubuntu.private.wpadminhelp.com/security/dists/groovy-proposed/multiverse/binary-amd64/Packages.gz...
Building download queue...
Download queue: 0 items (0 B)

Mirror `security-groovy-proposed-multiverse` has been successfully updated.

End command output: ------------------------------
27) [Running]: mirror update security-groovy-proposed-restricted

Begin command output: ----------------------------
Downloading http://ubuntu.private.wpadminhelp.com/security/dists/groovy-proposed/InRelease...
Downloading & parsing package files...
Downloading http://ubuntu.private.wpadminhelp.com/security/dists/groovy-proposed/restricted/binary-amd64/Packages.gz...
Building download queue...
Download queue: 0 items (0 B)

Mirror `security-groovy-proposed-restricted` has been successfully updated.

End command output: ------------------------------
28) [Running]: mirror update security-groovy-proposed-universe

Begin command output: ----------------------------
Downloading http://ubuntu.private.wpadminhelp.com/security/dists/groovy-proposed/InRelease...
Downloading & parsing package files...
Downloading http://ubuntu.private.wpadminhelp.com/security/dists/groovy-proposed/universe/binary-amd64/Packages.gz...
Building download queue...
Download queue: 0 items (0 B)

Mirror `security-groovy-proposed-universe` has been successfully updated.

End command output: ------------------------------
29) [Running]: mirror update security-groovy-release-main

Begin command output: ----------------------------
Downloading http://ubuntu.private.wpadminhelp.com/security/dists/groovy/InRelease...
Downloading & parsing package files...
Downloading http://ubuntu.private.wpadminhelp.com/security/dists/groovy/main/binary-amd64/Packages.gz...
Building download queue...
Download queue: 0 items (0 B)

Mirror `security-groovy-release-main` has been successfully updated.

End command output: ------------------------------
30) [Running]: mirror update security-groovy-release-multiverse

Begin command output: ----------------------------
Downloading http://ubuntu.private.wpadminhelp.com/security/dists/groovy/InRelease...
Downloading & parsing package files...
Downloading http://ubuntu.private.wpadminhelp.com/security/dists/groovy/multiverse/binary-amd64/Packages.gz...
Building download queue...
Download queue: 0 items (0 B)

Mirror `security-groovy-release-multiverse` has been successfully updated.

End command output: ------------------------------
31) [Running]: mirror update security-groovy-release-restricted

Begin command output: ----------------------------
Downloading http://ubuntu.private.wpadminhelp.com/security/dists/groovy/InRelease...
Downloading & parsing package files...
Downloading http://ubuntu.private.wpadminhelp.com/security/dists/groovy/restricted/binary-amd64/Packages.gz...
Building download queue...
Download queue: 0 items (0 B)

Mirror `security-groovy-release-restricted` has been successfully updated.

End command output: ------------------------------
32) [Running]: mirror update security-groovy-release-universe

Begin command output: ----------------------------
Downloading http://ubuntu.private.wpadminhelp.com/security/dists/groovy/InRelease...
Downloading & parsing package files...
Downloading http://ubuntu.private.wpadminhelp.com/security/dists/groovy/universe/binary-amd64/Packages.gz...
Building download queue...
Download queue: 0 items (0 B)

Mirror `security-groovy-release-universe` has been successfully updated.

End command output: ------------------------------
33) [Running]: mirror update security-groovy-updates-main

Begin command output: ----------------------------
Downloading http://ubuntu.private.wpadminhelp.com/security/dists/groovy-updates/InRelease...
Downloading & parsing package files...
Downloading http://ubuntu.private.wpadminhelp.com/security/dists/groovy-updates/main/binary-amd64/Packages.gz...
Building download queue...
Download queue: 0 items (0 B)

Mirror `security-groovy-updates-main` has been successfully updated.

End command output: ------------------------------
34) [Running]: mirror update security-groovy-updates-multiverse

Begin command output: ----------------------------
Downloading http://ubuntu.private.wpadminhelp.com/security/dists/groovy-updates/InRelease...
Downloading & parsing package files...
Downloading http://ubuntu.private.wpadminhelp.com/security/dists/groovy-updates/multiverse/binary-amd64/Packages.gz...
Building download queue...
Download queue: 0 items (0 B)

Mirror `security-groovy-updates-multiverse` has been successfully updated.

End command output: ------------------------------
35) [Running]: mirror update security-groovy-updates-restricted

Begin command output: ----------------------------
Downloading http://ubuntu.private.wpadminhelp.com/security/dists/groovy-updates/InRelease...
Downloading & parsing package files...
Downloading http://ubuntu.private.wpadminhelp.com/security/dists/groovy-updates/restricted/binary-amd64/Packages.gz...
Building download queue...
Download queue: 0 items (0 B)

Mirror `security-groovy-updates-restricted` has been successfully updated.

End command output: ------------------------------
36) [Running]: mirror update security-groovy-updates-universe

Begin command output: ----------------------------
Downloading http://ubuntu.private.wpadminhelp.com/security/dists/groovy-updates/InRelease...
Downloading & parsing package files...
Downloading http://ubuntu.private.wpadminhelp.com/security/dists/groovy-updates/universe/binary-amd64/Packages.gz...
Building download queue...
Download queue: 0 items (0 B)

Mirror `security-groovy-updates-universe` has been successfully updated.

End command output: ------------------------------
37) [Running]: mirror update security-hirsute-backports-main

Begin command output: ----------------------------
Downloading http://ubuntu.private.wpadminhelp.com/security/dists/hirsute-backports/InRelease...
Downloading & parsing package files...
Downloading http://ubuntu.private.wpadminhelp.com/security/dists/hirsute-backports/main/binary-amd64/Packages.gz...
Building download queue...
Download queue: 0 items (0 B)

Mirror `security-hirsute-backports-main` has been successfully updated.

End command output: ------------------------------
38) [Running]: mirror update security-hirsute-backports-multiverse

Begin command output: ----------------------------
Downloading http://ubuntu.private.wpadminhelp.com/security/dists/hirsute-backports/InRelease...
Downloading & parsing package files...
Downloading http://ubuntu.private.wpadminhelp.com/security/dists/hirsute-backports/multiverse/binary-amd64/Packages.gz...
Building download queue...
Download queue: 0 items (0 B)

Mirror `security-hirsute-backports-multiverse` has been successfully updated.

End command output: ------------------------------
39) [Running]: mirror update security-hirsute-backports-restricted

Begin command output: ----------------------------
Downloading http://ubuntu.private.wpadminhelp.com/security/dists/hirsute-backports/InRelease...
Downloading & parsing package files...
Downloading http://ubuntu.private.wpadminhelp.com/security/dists/hirsute-backports/restricted/binary-amd64/Packages.gz...
Building download queue...
Download queue: 0 items (0 B)

Mirror `security-hirsute-backports-restricted` has been successfully updated.

End command output: ------------------------------
40) [Running]: mirror update security-hirsute-backports-universe

Begin command output: ----------------------------
Downloading http://ubuntu.private.wpadminhelp.com/security/dists/hirsute-backports/InRelease...
Downloading & parsing package files...
Downloading http://ubuntu.private.wpadminhelp.com/security/dists/hirsute-backports/universe/binary-amd64/Packages.gz...
Building download queue...
Download queue: 0 items (0 B)

Mirror `security-hirsute-backports-universe` has been successfully updated.

End command output: ------------------------------
41) [Running]: mirror update security-hirsute-proposed-main

Begin command output: ----------------------------
Downloading http://ubuntu.private.wpadminhelp.com/security/dists/hirsute-proposed/InRelease...
Downloading & parsing package files...
Downloading http://ubuntu.private.wpadminhelp.com/security/dists/hirsute-proposed/main/binary-amd64/Packages.gz...
Building download queue...
Download queue: 0 items (0 B)

Mirror `security-hirsute-proposed-main` has been successfully updated.

End command output: ------------------------------
42) [Running]: mirror update security-hirsute-proposed-multiverse

Begin command output: ----------------------------
Downloading http://ubuntu.private.wpadminhelp.com/security/dists/hirsute-proposed/InRelease...
Downloading & parsing package files...
Downloading http://ubuntu.private.wpadminhelp.com/security/dists/hirsute-proposed/multiverse/binary-amd64/Packages.gz...
Building download queue...
Download queue: 0 items (0 B)

Mirror `security-hirsute-proposed-multiverse` has been successfully updated.

End command output: ------------------------------
43) [Running]: mirror update security-hirsute-proposed-restricted

Begin command output: ----------------------------
Downloading http://ubuntu.private.wpadminhelp.com/security/dists/hirsute-proposed/InRelease...
Downloading & parsing package files...
Downloading http://ubuntu.private.wpadminhelp.com/security/dists/hirsute-proposed/restricted/binary-amd64/Packages.gz...
Building download queue...
Download queue: 0 items (0 B)

Mirror `security-hirsute-proposed-restricted` has been successfully updated.

End command output: ------------------------------
44) [Running]: mirror update security-hirsute-proposed-universe

Begin command output: ----------------------------
Downloading http://ubuntu.private.wpadminhelp.com/security/dists/hirsute-proposed/InRelease...
Downloading & parsing package files...
Downloading http://ubuntu.private.wpadminhelp.com/security/dists/hirsute-proposed/universe/binary-amd64/Packages.gz...
Building download queue...
Download queue: 0 items (0 B)

Mirror `security-hirsute-proposed-universe` has been successfully updated.

End command output: ------------------------------
45) [Running]: mirror update security-hirsute-release-main

Begin command output: ----------------------------
Downloading http://ubuntu.private.wpadminhelp.com/security/dists/hirsute/InRelease...
Downloading & parsing package files...
Downloading http://ubuntu.private.wpadminhelp.com/security/dists/hirsute/main/binary-amd64/Packages.gz...
Building download queue...
Download queue: 0 items (0 B)

Mirror `security-hirsute-release-main` has been successfully updated.

End command output: ------------------------------
46) [Running]: mirror update security-hirsute-release-multiverse

Begin command output: ----------------------------
Downloading http://ubuntu.private.wpadminhelp.com/security/dists/hirsute/InRelease...
Downloading & parsing package files...
Downloading http://ubuntu.private.wpadminhelp.com/security/dists/hirsute/multiverse/binary-amd64/Packages.gz...
Building download queue...
Download queue: 0 items (0 B)

Mirror `security-hirsute-release-multiverse` has been successfully updated.

End command output: ------------------------------
47) [Running]: mirror update security-hirsute-release-restricted

Begin command output: ----------------------------
Downloading http://ubuntu.private.wpadminhelp.com/security/dists/hirsute/InRelease...
Downloading & parsing package files...
Downloading http://ubuntu.private.wpadminhelp.com/security/dists/hirsute/restricted/binary-amd64/Packages.gz...
Building download queue...
Download queue: 0 items (0 B)

Mirror `security-hirsute-release-restricted` has been successfully updated.

End command output: ------------------------------
48) [Running]: mirror update security-hirsute-release-universe

Begin command output: ----------------------------
Downloading http://ubuntu.private.wpadminhelp.com/security/dists/hirsute/InRelease...
Downloading & parsing package files...
Downloading http://ubuntu.private.wpadminhelp.com/security/dists/hirsute/universe/binary-amd64/Packages.gz...
